Starting ChromeDriver 80.0.3987.16 (320f6526c1632ad4f205ebce69b99a062ed78647-refs/branch-heads/3987@{#185}) on port 9515
Only local connections are allowed.
Please protect ports used by ChromeDriver and related test frameworks to prevent access by malicious code.
[1584824313.938][WARNING]: Timed out connecting to Chrome, retrying...
[1584824317.011][SEVERE]: Timed out receiving message from renderer: 0.100
[1584824317.137][SEVERE]: Timed out receiving message from renderer: 0.100
[1584824317.293][SEVERE]: Timed out receiving message from renderer: 0.100
[1584824317.396][SEVERE]: Timed out receiving message from renderer: 0.100
[1584824317.500][SEVERE]: Timed out receiving message from renderer: 0.100
[1584824317.603][SEVERE]: Timed out receiving message from renderer: 0.100
[1584824317.707][SEVERE]: Timed out receiving message from renderer: 0.100
[1584824317.811][SEVERE]: Timed out receiving message from renderer: 0.100
[1584824317.914][SEVERE]: Timed out receiving message from renderer: 0.100
[1584824318.017][SEVERE]: Timed out receiving message from renderer: 0.100
[1584824318.121][SEVERE]: Timed out receiving message from renderer: 0.100
[1584824318.225][SEVERE]: Timed out receiving message from renderer: 0.100
[1584824318.332][SEVERE]: Timed out receiving message from renderer: 0.100
[1584824318.438][SEVERE]: Timed out receiving message from renderer: 0.100
[1584824318.542][SEVERE]: Timed out receiving message from renderer: 0.100
[1584824318.655][SEVERE]: Timed out receiving message from renderer: 0.100
[1584824318.759][SEVERE]: Timed out receiving message from renderer: 0.100
[1584824318.863][SEVERE]: Timed out receiving message from renderer: 0.100
[1584824318.967][SEVERE]: Timed out receiving message from renderer: 0.100
[1584824319.072][SEVERE]: Timed out receiving message from renderer: 0.100
[1584824319.242][SEVERE]: Timed out receiving message from renderer: 0.100
[1584824319.427][SEVERE]: Timed out receiving message from renderer: 0.100
[1584824319.608][SEVERE]: Timed out receiving message from renderer: 0.100
[1584824321.823][WARNING]: Timed out connecting to Chrome, retrying...
[1584824333.640][SEVERE]: Timed out receiving message from renderer: 0.100
[1584824333.743][SEVERE]: Timed out receiving message from renderer: 0.100
[1584824333.933][SEVERE]: Timed out receiving message from renderer: 0.100
[1584824334.038][SEVERE]: Timed out receiving message from renderer: 0.100
[1584824334.141][SEVERE]: Timed out receiving message from renderer: 0.100
[1584824334.249][SEVERE]: Timed out receiving message from renderer: 0.100
[1584824334.351][SEVERE]: Timed out receiving message from renderer: 0.100
[1584824334.455][SEVERE]: Timed out receiving message from renderer: 0.100
[1584824334.557][SEVERE]: Timed out receiving message from renderer: 0.100
[1584824334.661][SEVERE]: Timed out receiving message from renderer: 0.100
[1584824334.765][SEVERE]: Timed out receiving message from renderer: 0.100
[1584824334.868][SEVERE]: Timed out receiving message from renderer: 0.100
[1584824334.971][SEVERE]: Timed out receiving message from renderer: 0.100
[1584824335.073][SEVERE]: Timed out receiving message from renderer: 0.100
[1584824335.177][SEVERE]: Timed out receiving message from renderer: 0.100
[1584824335.283][SEVERE]: Timed out receiving message from renderer: 0.100
